{"C:\\Users\\darpan.pathak\\Desktop\\darpan\\finding-falcone\\src\\app\\components\\footer\\footer.component.html": {"path":"C:\\Users\\darpan.pathak\\Desktop\\darpan\\finding-falcone\\src\\app\\components\\footer\\footer.component.html","statementMap":{"0":{"start":{"line":1,"column":0},"end":{"line":1,"column":187}}},"fnMap":{},"branchMap":{},"s":{"0":1},"f":{},"b":{},"_coverageSchema":"43e27e138ebf9cfc5966b082cf9a028302ed4184","hash":"96d79289192a91e0b724cfa92a98c43e0ce569a6"}
,"C:\\Users\\darpan.pathak\\Desktop\\darpan\\finding-falcone\\src\\app\\components\\footer\\footer.component.ts": {"path":"C:\\Users\\darpan.pathak\\Desktop\\darpan\\finding-falcone\\src\\app\\components\\footer\\footer.component.ts","statementMap":{"0":{"start":{"line":1,"column":0},"end":{"line":1,"column":50}},"1":{"start":{"line":9,"column":0},"end":{"line":9,"column":13}},"2":{"start":{"line":12,"column":4},"end":{"line":12,"column":null}},"3":{"start":{"line":9,"column":13},"end":{"line":13,"column":null}},"4":{"start":{"line":13,"column":0},"end":{"line":13,"column":null}},"5":{"start":{"line":9,"column":13},"end":{"line":9,"column":28}}},"fnMap":{"0":{"name":"FooterComponent","decl":{"start":{"line":10,"column":4},"end":{"line":10,"column":20}},"loc":{"start":{"line":10,"column":4},"end":{"line":10,"column":21}}},"1":{"name":"(anonymous_4)","decl":{"start":{"line":12,"column":4},"end":{"line":12,"column":12}},"loc":{"start":{"line":12,"column":4},"end":{"line":12,"column":18}}}},"branchMap":{},"s":{"0":1,"1":1,"2":1,"3":1,"4":1,"5":1},"f":{"0":1,"1":0},"b":{}}
,"C:\\Users\\darpan.pathak\\Desktop\\darpan\\finding-falcone\\src\\app\\components\\header\\header.component.html": {"path":"C:\\Users\\darpan.pathak\\Desktop\\darpan\\finding-falcone\\src\\app\\components\\header\\header.component.html","statementMap":{"0":{"start":{"line":1,"column":0},"end":{"line":1,"column":1375}}},"fnMap":{},"branchMap":{},"s":{"0":1},"f":{},"b":{},"_coverageSchema":"43e27e138ebf9cfc5966b082cf9a028302ed4184","hash":"a43b54b7df2080ba4a26c7a9eaeab03acc91afc7"}
,"C:\\Users\\darpan.pathak\\Desktop\\darpan\\finding-falcone\\src\\app\\components\\header\\header.component.ts": {"path":"C:\\Users\\darpan.pathak\\Desktop\\darpan\\finding-falcone\\src\\app\\components\\header\\header.component.ts","statementMap":{"0":{"start":{"line":1,"column":0},"end":{"line":1,"column":50}},"1":{"start":{"line":2,"column":0},"end":{"line":2,"column":56}},"2":{"start":{"line":3,"column":0},"end":{"line":3,"column":41}},"3":{"start":{"line":11,"column":0},"end":{"line":11,"column":13}},"4":{"start":{"line":12,"column":24},"end":{"line":12,"column":38}},"5":{"start":{"line":12,"column":58},"end":{"line":12,"column":67}},"6":{"start":{"line":14,"column":4},"end":{"line":14,"column":null}},"7":{"start":{"line":16,"column":4},"end":{"line":19,"column":null}},"8":{"start":{"line":17,"column":8},"end":{"line":17,"column":43}},"9":{"start":{"line":18,"column":8},"end":{"line":18,"column":35}},"10":{"start":{"line":11,"column":13},"end":{"line":20,"column":null}},"11":{"start":{"line":20,"column":0},"end":{"line":20,"column":null}},"12":{"start":{"line":11,"column":13},"end":{"line":11,"column":28}}},"fnMap":{"0":{"name":"HeaderComponent","decl":{"start":{"line":12,"column":4},"end":{"line":12,"column":24}},"loc":{"start":{"line":12,"column":73},"end":{"line":12,"column":78}}},"1":{"name":"(anonymous_4)","decl":{"start":{"line":14,"column":4},"end":{"line":14,"column":12}},"loc":{"start":{"line":14,"column":4},"end":{"line":14,"column":18}}},"2":{"name":"(anonymous_5)","decl":{"start":{"line":16,"column":4},"end":{"line":16,"column":19}},"loc":{"start":{"line":16,"column":4},"end":{"line":19,"column":5}}}},"branchMap":{"0":{"loc":{"start":{"line":12,"column":48},"end":{"line":12,"column":58}},"type":"cond-expr","locations":[{"start":{"line":12,"column":48},"end":{"line":12,"column":58}},{"start":{"line":12,"column":48},"end":{"line":12,"column":58}}]},"1":{"loc":{"start":{"line":12,"column":38},"end":{"line":12,"column":48}},"type":"binary-expr","locations":[{"start":{"line":12,"column":38},"end":{"line":12,"column":48}}]},"2":{"loc":{"start":{"line":12,"column":73},"end":{"line":12,"column":77}},"type":"cond-expr","locations":[{"start":{"line":12,"column":73},"end":{"line":12,"column":77}},{"start":{"line":12,"column":73},"end":{"line":12,"column":77}}]},"3":{"loc":{"start":{"line":12,"column":48},"end":{"line":12,"column":77}},"type":"binary-expr","locations":[{"start":{"line":12,"column":48},"end":{"line":12,"column":77}},{"start":{"line":12,"column":67},"end":{"line":12,"column":73}}]}},"s":{"0":1,"1":1,"2":1,"3":1,"4":1,"5":1,"6":1,"7":1,"8":0,"9":0,"10":1,"11":1,"12":1},"f":{"0":1,"1":0,"2":0},"b":{"0":[1,0],"1":[1],"2":[1,0],"3":[1,1]}}
,"C:\\Users\\darpan.pathak\\Desktop\\darpan\\finding-falcone\\src\\app\\components\\root\\root.component.html": {"path":"C:\\Users\\darpan.pathak\\Desktop\\darpan\\finding-falcone\\src\\app\\components\\root\\root.component.html","statementMap":{"0":{"start":{"line":1,"column":0},"end":{"line":1,"column":150}}},"fnMap":{},"branchMap":{},"s":{"0":1},"f":{},"b":{},"_coverageSchema":"43e27e138ebf9cfc5966b082cf9a028302ed4184","hash":"14899f89e07cf483619f8cb32d1d806374bff3d6"}
,"C:\\Users\\darpan.pathak\\Desktop\\darpan\\finding-falcone\\src\\app\\components\\root\\root.component.ts": {"path":"C:\\Users\\darpan.pathak\\Desktop\\darpan\\finding-falcone\\src\\app\\components\\root\\root.component.ts","statementMap":{"0":{"start":{"line":1,"column":0},"end":{"line":1,"column":68}},"1":{"start":{"line":9,"column":0},"end":{"line":9,"column":13}},"2":{"start":{"line":15,"column":4},"end":{"line":17,"column":null}},"3":{"start":{"line":9,"column":13},"end":{"line":18,"column":null}},"4":{"start":{"line":18,"column":0},"end":{"line":18,"column":null}},"5":{"start":{"line":9,"column":13},"end":{"line":9,"column":26}}},"fnMap":{"0":{"name":"RootComponent","decl":{"start":{"line":11,"column":4},"end":{"line":11,"column":null}},"loc":{"start":{"line":11,"column":4},"end":{"line":13,"column":5}}},"1":{"name":"(anonymous_4)","decl":{"start":{"line":15,"column":4},"end":{"line":15,"column":12}},"loc":{"start":{"line":15,"column":4},"end":{"line":17,"column":5}}}},"branchMap":{},"s":{"0":1,"1":1,"2":1,"3":1,"4":1,"5":1},"f":{"0":1,"1":0},"b":{}}
,"C:\\Users\\darpan.pathak\\Desktop\\darpan\\finding-falcone\\src\\app\\services\\app.service.ts": {"path":"C:\\Users\\darpan.pathak\\Desktop\\darpan\\finding-falcone\\src\\app\\services\\app.service.ts","statementMap":{"0":{"start":{"line":1,"column":0},"end":{"line":1,"column":63}},"1":{"start":{"line":2,"column":0},"end":{"line":2,"column":43}},"2":{"start":{"line":3,"column":0},"end":{"line":3,"column":61}},"3":{"start":{"line":6,"column":0},"end":{"line":6,"column":43}},"4":{"start":{"line":7,"column":0},"end":{"line":7,"column":42}},"5":{"start":{"line":12,"column":0},"end":{"line":12,"column":13}},"6":{"start":{"line":34,"column":24},"end":{"line":34,"column":30}},"7":{"start":{"line":14,"column":4},"end":{"line":14,"column":35}},"8":{"start":{"line":15,"column":4},"end":{"line":15,"column":36}},"9":{"start":{"line":26,"column":4},"end":{"line":26,"column":29}},"10":{"start":{"line":30,"column":4},"end":{"line":30,"column":21}},"11":{"start":{"line":35,"column":8},"end":{"line":35,"column":55}},"12":{"start":{"line":36,"column":8},"end":{"line":36,"column":78}},"13":{"start":{"line":38,"column":8},"end":{"line":38,"column":56}},"14":{"start":{"line":39,"column":8},"end":{"line":39,"column":80}},"15":{"start":{"line":41,"column":8},"end":{"line":41,"column":58}},"16":{"start":{"line":42,"column":8},"end":{"line":42,"column":76}},"17":{"start":{"line":44,"column":8},"end":{"line":44,"column":29}},"18":{"start":{"line":45,"column":8},"end":{"line":45,"column":30}},"19":{"start":{"line":47,"column":8},"end":{"line":47,"column":121}},"20":{"start":{"line":50,"column":4},"end":{"line":52,"column":null}},"21":{"start":{"line":51,"column":8},"end":{"line":51,"column":62}},"22":{"start":{"line":54,"column":4},"end":{"line":56,"column":null}},"23":{"start":{"line":55,"column":8},"end":{"line":55,"column":64}},"24":{"start":{"line":58,"column":4},"end":{"line":62,"column":null}},"25":{"start":{"line":59,"column":8},"end":{"line":59,"column":32}},"26":{"start":{"line":60,"column":8},"end":{"line":60,"column":61}},"27":{"start":{"line":61,"column":8},"end":{"line":61,"column":41}},"28":{"start":{"line":64,"column":4},"end":{"line":70,"column":null}},"29":{"start":{"line":65,"column":8},"end":{"line":65,"column":38}},"30":{"start":{"line":66,"column":19},"end":{"line":66,"column":23}},"31":{"start":{"line":67,"column":8},"end":{"line":69,"column":11}},"32":{"start":{"line":68,"column":12},"end":{"line":68,"column":null}},"33":{"start":{"line":72,"column":4},"end":{"line":76,"column":null}},"34":{"start":{"line":73,"column":8},"end":{"line":73,"column":33}},"35":{"start":{"line":74,"column":8},"end":{"line":74,"column":61}},"36":{"start":{"line":75,"column":8},"end":{"line":75,"column":42}},"37":{"start":{"line":78,"column":4},"end":{"line":87,"column":null}},"38":{"start":{"line":78,"column":4},"end":{"line":78,"column":18}},"39":{"start":{"line":79,"column":40},"end":{"line":79,"column":81}},"40":{"start":{"line":81,"column":24},"end":{"line":81,"column":90}},"41":{"start":{"line":81,"column":54},"end":{"line":81,"column":90}},"42":{"start":{"line":83,"column":12},"end":{"line":83,"column":80}},"43":{"start":{"line":80,"column":21},"end":{"line":80,"column":22}},"44":{"start":{"line":86,"column":8},"end":{"line":86,"column":30}},"45":{"start":{"line":89,"column":4},"end":{"line":103,"column":null}},"46":{"start":{"line":92,"column":16},"end":{"line":92,"column":48}},"47":{"start":{"line":96,"column":24},"end":{"line":96,"column":70}},"48":{"start":{"line":96,"column":60},"end":{"line":96,"column":70}},"49":{"start":{"line":97,"column":12},"end":{"line":98,"column":54}},"50":{"start":{"line":98,"column":16},"end":{"line":98,"column":54}},"51":{"start":{"line":101,"column":8},"end":{"line":101,"column":41}},"52":{"start":{"line":102,"column":8},"end":{"line":102,"column":42}},"53":{"start":{"line":105,"column":4},"end":{"line":116,"column":null}},"54":{"start":{"line":107,"column":12},"end":{"line":107,"column":45}},"55":{"start":{"line":110,"column":24},"end":{"line":110,"column":71}},"56":{"start":{"line":110,"column":61},"end":{"line":110,"column":71}},"57":{"start":{"line":111,"column":12},"end":{"line":112,"column":55}},"58":{"start":{"line":112,"column":16},"end":{"line":112,"column":55}},"59":{"start":{"line":115,"column":8},"end":{"line":115,"column":42}},"60":{"start":{"line":118,"column":4},"end":{"line":129,"column":null}},"61":{"start":{"line":120,"column":12},"end":{"line":120,"column":38}},"62":{"start":{"line":123,"column":24},"end":{"line":123,"column":64}},"63":{"start":{"line":123,"column":54},"end":{"line":123,"column":64}},"64":{"start":{"line":124,"column":12},"end":{"line":125,"column":48}},"65":{"start":{"line":125,"column":16},"end":{"line":125,"column":48}},"66":{"start":{"line":128,"column":8},"end":{"line":128,"column":44}},"67":{"start":{"line":131,"column":4},"end":{"line":133,"column":null}},"68":{"start":{"line":132,"column":8},"end":{"line":132,"column":136}},"69":{"start":{"line":132,"column":90},"end":{"line":132,"column":96}},"70":{"start":{"line":135,"column":4},"end":{"line":137,"column":null}},"71":{"start":{"line":135,"column":4},"end":{"line":135,"column":15}},"72":{"start":{"line":136,"column":8},"end":{"line":136,"column":null}},"73":{"start":{"line":136,"column":116},"end":{"line":136,"column":133}},"74":{"start":{"line":139,"column":4},"end":{"line":147,"column":null}},"75":{"start":{"line":146,"column":8},"end":{"line":146,"column":89}},"76":{"start":{"line":149,"column":4},"end":{"line":160,"column":null}},"77":{"start":{"line":150,"column":8},"end":{"line":150,"column":34}},"78":{"start":{"line":151,"column":8},"end":{"line":151,"column":35}},"79":{"start":{"line":152,"column":8},"end":{"line":152,"column":28}},"80":{"start":{"line":153,"column":8},"end":{"line":153,"column":25}},"81":{"start":{"line":155,"column":8},"end":{"line":155,"column":41}},"82":{"start":{"line":156,"column":8},"end":{"line":156,"column":42}},"83":{"start":{"line":157,"column":8},"end":{"line":157,"column":44}},"84":{"start":{"line":159,"column":8},"end":{"line":159,"column":22}},"85":{"start":{"line":162,"column":4},"end":{"line":165,"column":null}},"86":{"start":{"line":163,"column":8},"end":{"line":163,"column":26}},"87":{"start":{"line":164,"column":8},"end":{"line":164,"column":74}},"88":{"start":{"line":164,"column":67},"end":{"line":164,"column":73}},"89":{"start":{"line":167,"column":4},"end":{"line":169,"column":null}},"90":{"start":{"line":168,"column":8},"end":{"line":168,"column":27}},"91":{"start":{"line":12,"column":13},"end":{"line":171,"column":null}},"92":{"start":{"line":171,"column":0},"end":{"line":171,"column":null}},"93":{"start":{"line":12,"column":13},"end":{"line":12,"column":23}}},"fnMap":{"0":{"name":"AppService","decl":{"start":{"line":34,"column":4},"end":{"line":34,"column":24}},"loc":{"start":{"line":34,"column":40},"end":{"line":48,"column":5}}},"1":{"name":"(anonymous_4)","decl":{"start":{"line":50,"column":4},"end":{"line":50,"column":14}},"loc":{"start":{"line":50,"column":4},"end":{"line":52,"column":5}}},"2":{"name":"(anonymous_5)","decl":{"start":{"line":54,"column":4},"end":{"line":54,"column":15}},"loc":{"start":{"line":54,"column":4},"end":{"line":56,"column":5}}},"3":{"name":"(anonymous_6)","decl":{"start":{"line":58,"column":4},"end":{"line":58,"column":17}},"loc":{"start":{"line":58,"column":33},"end":{"line":62,"column":5}}},"4":{"name":"(anonymous_7)","decl":{"start":{"line":64,"column":4},"end":{"line":64,"column":17}},"loc":{"start":{"line":64,"column":4},"end":{"line":70,"column":5}}},"5":{"name":"(anonymous_8)","decl":{"start":{"line":67,"column":38},"end":{"line":67,"column":39}},"loc":{"start":{"line":67,"column":43},"end":{"line":69,"column":9}}},"6":{"name":"(anonymous_9)","decl":{"start":{"line":72,"column":4},"end":{"line":72,"column":18}},"loc":{"start":{"line":72,"column":35},"end":{"line":76,"column":5}}},"7":{"name":"(anonymous_10)","decl":{"start":{"line":78,"column":4},"end":{"line":78,"column":18}},"loc":{"start":{"line":78,"column":4},"end":{"line":87,"column":5}}},"8":{"name":"(anonymous_12)","decl":{"start":{"line":81,"column":49},"end":{"line":81,"column":50}},"loc":{"start":{"line":81,"column":50},"end":{"line":81,"column":55}}},"9":{"name":"(anonymous_13)","decl":{"start":{"line":89,"column":4},"end":{"line":89,"column":22}},"loc":{"start":{"line":89,"column":51},"end":{"line":103,"column":5}}},"10":{"name":"(anonymous_14)","decl":{"start":{"line":96,"column":55},"end":{"line":96,"column":56}},"loc":{"start":{"line":96,"column":56},"end":{"line":96,"column":61}}},"11":{"name":"(anonymous_15)","decl":{"start":{"line":105,"column":4},"end":{"line":105,"column":23}},"loc":{"start":{"line":105,"column":52},"end":{"line":116,"column":5}}},"12":{"name":"(anonymous_16)","decl":{"start":{"line":110,"column":56},"end":{"line":110,"column":57}},"loc":{"start":{"line":110,"column":57},"end":{"line":110,"column":62}}},"13":{"name":"(anonymous_17)","decl":{"start":{"line":118,"column":4},"end":{"line":118,"column":16}},"loc":{"start":{"line":118,"column":45},"end":{"line":129,"column":5}}},"14":{"name":"(anonymous_18)","decl":{"start":{"line":123,"column":49},"end":{"line":123,"column":50}},"loc":{"start":{"line":123,"column":50},"end":{"line":123,"column":55}}},"15":{"name":"(anonymous_19)","decl":{"start":{"line":131,"column":4},"end":{"line":131,"column":16}},"loc":{"start":{"line":131,"column":4},"end":{"line":133,"column":5}}},"16":{"name":"(anonymous_20)","decl":{"start":{"line":132,"column":80},"end":{"line":132,"column":81}},"loc":{"start":{"line":132,"column":85},"end":{"line":132,"column":91}}},"17":{"name":"(anonymous_21)","decl":{"start":{"line":135,"column":4},"end":{"line":135,"column":15}},"loc":{"start":{"line":135,"column":4},"end":{"line":137,"column":5}}},"18":{"name":"(anonymous_22)","decl":{"start":{"line":136,"column":107},"end":{"line":136,"column":112}},"loc":{"start":{"line":136,"column":112},"end":{"line":136,"column":120}}},"19":{"name":"(anonymous_23)","decl":{"start":{"line":139,"column":4},"end":{"line":139,"column":8}},"loc":{"start":{"line":139,"column":19},"end":{"line":147,"column":5}}},"20":{"name":"(anonymous_24)","decl":{"start":{"line":149,"column":4},"end":{"line":149,"column":19}},"loc":{"start":{"line":149,"column":4},"end":{"line":160,"column":5}}},"21":{"name":"(anonymous_25)","decl":{"start":{"line":162,"column":4},"end":{"line":162,"column":13}},"loc":{"start":{"line":162,"column":22},"end":{"line":165,"column":5}}},"22":{"name":"(anonymous_26)","decl":{"start":{"line":164,"column":57},"end":{"line":164,"column":58}},"loc":{"start":{"line":164,"column":62},"end":{"line":164,"column":68}}},"23":{"name":"(anonymous_27)","decl":{"start":{"line":167,"column":4},"end":{"line":167,"column":13}},"loc":{"start":{"line":167,"column":4},"end":{"line":169,"column":5}}}},"branchMap":{"0":{"loc":{"start":{"line":91,"column":16},"end":{"line":91,"column":20}},"type":"binary-expr","locations":[{"start":{"line":91,"column":16},"end":{"line":91,"column":20}},{"start":{"line":91,"column":24},"end":{"line":91,"column":64}}]},"1":{"loc":{"start":{"line":97,"column":12},"end":{"line":98,"column":54}},"type":"if","locations":[{"start":{"line":97,"column":12},"end":{"line":98,"column":54}},{"start":{"line":97,"column":12},"end":{"line":98,"column":54}}]},"2":{"loc":{"start":{"line":111,"column":12},"end":{"line":112,"column":55}},"type":"if","locations":[{"start":{"line":111,"column":12},"end":{"line":112,"column":55}},{"start":{"line":111,"column":12},"end":{"line":112,"column":55}}]},"3":{"loc":{"start":{"line":124,"column":12},"end":{"line":125,"column":48}},"type":"if","locations":[{"start":{"line":124,"column":12},"end":{"line":125,"column":48}},{"start":{"line":124,"column":12},"end":{"line":125,"column":48}}]},"4":{"loc":{"start":{"line":132,"column":58},"end":{"line":132,"column":96}},"type":"cond-expr","locations":[{"start":{"line":132,"column":58},"end":{"line":132,"column":96}},{"start":{"line":132,"column":99},"end":{"line":132,"column":100}}]},"5":{"loc":{"start":{"line":34,"column":40},"end":{"line":34,"column":null}},"type":"cond-expr","locations":[{"start":{"line":34,"column":40},"end":{"line":34,"column":null}},{"start":{"line":34,"column":40},"end":{"line":34,"column":null}}]},"6":{"loc":{"start":{"line":34,"column":30},"end":{"line":34,"column":40}},"type":"binary-expr","locations":[{"start":{"line":34,"column":30},"end":{"line":34,"column":40}}]}},"s":{"0":1,"1":1,"2":1,"3":1,"4":1,"5":1,"6":1,"7":1,"8":1,"9":1,"10":1,"11":1,"12":1,"13":1,"14":1,"15":1,"16":1,"17":1,"18":1,"19":1,"20":1,"21":0,"22":1,"23":0,"24":1,"25":0,"26":0,"27":0,"28":1,"29":0,"30":0,"31":0,"32":0,"33":1,"34":0,"35":0,"36":0,"37":1,"38":0,"39":0,"40":0,"41":0,"42":0,"43":0,"44":0,"45":1,"46":0,"47":0,"48":0,"49":0,"50":0,"51":0,"52":0,"53":1,"54":0,"55":0,"56":0,"57":0,"58":0,"59":0,"60":1,"61":0,"62":0,"63":0,"64":0,"65":0,"66":0,"67":1,"68":0,"69":0,"70":1,"71":0,"72":0,"73":0,"74":1,"75":0,"76":1,"77":0,"78":0,"79":0,"80":0,"81":0,"82":0,"83":0,"84":0,"85":1,"86":0,"87":0,"88":0,"89":1,"90":0,"91":1,"92":1,"93":1},"f":{"0":1,"1":0,"2":0,"3":0,"4":0,"5":0,"6":0,"7":0,"8":0,"9":0,"10":0,"11":0,"12":0,"13":0,"14":0,"15":0,"16":0,"17":0,"18":0,"19":0,"20":0,"21":0,"22":0,"23":0},"b":{"0":[0,0],"1":[0,0],"2":[0,0],"3":[0,0],"4":[0,0],"5":[1,0],"6":[1]}}
,"C:\\Users\\darpan.pathak\\Desktop\\darpan\\finding-falcone\\src\\app\\services\\authguard.service.ts": {"path":"C:\\Users\\darpan.pathak\\Desktop\\darpan\\finding-falcone\\src\\app\\services\\authguard.service.ts","statementMap":{"0":{"start":{"line":1,"column":0},"end":{"line":1,"column":99}},"1":{"start":{"line":2,"column":0},"end":{"line":2,"column":43}},"2":{"start":{"line":3,"column":0},"end":{"line":3,"column":43}},"3":{"start":{"line":6,"column":0},"end":{"line":6,"column":13}},"4":{"start":{"line":7,"column":24},"end":{"line":7,"column":32}},"5":{"start":{"line":8,"column":16},"end":{"line":8,"column":29}},"6":{"start":{"line":10,"column":4},"end":{"line":17,"column":null}},"7":{"start":{"line":12,"column":12},"end":{"line":12,"column":24}},"8":{"start":{"line":15,"column":8},"end":{"line":15,"column":35}},"9":{"start":{"line":16,"column":8},"end":{"line":16,"column":21}},"10":{"start":{"line":6,"column":13},"end":{"line":18,"column":null}},"11":{"start":{"line":18,"column":0},"end":{"line":18,"column":null}},"12":{"start":{"line":6,"column":13},"end":{"line":6,"column":22}}},"fnMap":{"0":{"name":"AuthGuard","decl":{"start":{"line":7,"column":4},"end":{"line":7,"column":24}},"loc":{"start":{"line":8,"column":39},"end":{"line":8,"column":44}}},"1":{"name":"(anonymous_4)","decl":{"start":{"line":10,"column":4},"end":{"line":10,"column":15}},"loc":{"start":{"line":10,"column":73},"end":{"line":17,"column":5}}}},"branchMap":{"0":{"loc":{"start":{"line":7,"column":38},"end":{"line":7,"column":null}},"type":"cond-expr","locations":[{"start":{"line":7,"column":38},"end":{"line":7,"column":null}},{"start":{"line":7,"column":38},"end":{"line":7,"column":null}}]},"1":{"loc":{"start":{"line":7,"column":32},"end":{"line":7,"column":38}},"type":"binary-expr","locations":[{"start":{"line":7,"column":32},"end":{"line":7,"column":38}}]},"2":{"loc":{"start":{"line":8,"column":39},"end":{"line":8,"column":43}},"type":"cond-expr","locations":[{"start":{"line":8,"column":39},"end":{"line":8,"column":43}},{"start":{"line":8,"column":39},"end":{"line":8,"column":43}}]},"3":{"loc":{"start":{"line":7,"column":38},"end":{"line":8,"column":43}},"type":"binary-expr","locations":[{"start":{"line":7,"column":38},"end":{"line":8,"column":43}},{"start":{"line":8,"column":29},"end":{"line":8,"column":39}}]}},"s":{"0":1,"1":1,"2":1,"3":1,"4":0,"5":0,"6":1,"7":0,"8":0,"9":0,"10":1,"11":1,"12":1},"f":{"0":0,"1":0},"b":{"0":[1,0],"1":[1],"2":[1,0],"3":[1,1]}}
,"C:\\Users\\darpan.pathak\\Desktop\\darpan\\finding-falcone\\src\\environments\\environment.dev.ts": {"path":"C:\\Users\\darpan.pathak\\Desktop\\darpan\\finding-falcone\\src\\environments\\environment.dev.ts","statementMap":{"0":{"start":{"line":3,"column":13},"end":{"line":9,"column":null}}},"fnMap":{},"branchMap":{},"s":{"0":1},"f":{},"b":{}}
,"C:\\Users\\darpan.pathak\\Desktop\\darpan\\finding-falcone\\src\\environments\\environment.ts": {"path":"C:\\Users\\darpan.pathak\\Desktop\\darpan\\finding-falcone\\src\\environments\\environment.ts","statementMap":{"0":{"start":{"line":1,"column":0},"end":{"line":1,"column":9}},"1":{"start":{"line":1,"column":9},"end":{"line":1,"column":48}}},"fnMap":{},"branchMap":{},"s":{"0":1,"1":1},"f":{},"b":{}}
}
