TN:
SF:C:\Users\darpan.pathak\Desktop\darpan\finding-falcone\src\app\components\footer\footer.component.html
FNF:0
FNH:0
DA:1,1
LF:1
LH:1
BRF:0
BRH:0
end_of_record
TN:
SF:C:\Users\darpan.pathak\Desktop\darpan\finding-falcone\src\app\components\footer\footer.component.ts
FN:10,FooterComponent
FN:12,(anonymous_4)
FNF:2
FNH:1
FNDA:1,FooterComponent
FNDA:0,(anonymous_4)
DA:1,1
DA:9,1
DA:12,1
DA:13,1
LF:4
LH:4
BRF:0
BRH:0
end_of_record
TN:
SF:C:\Users\darpan.pathak\Desktop\darpan\finding-falcone\src\app\components\header\header.component.html
FNF:0
FNH:0
DA:1,1
LF:1
LH:1
BRF:0
BRH:0
end_of_record
TN:
SF:C:\Users\darpan.pathak\Desktop\darpan\finding-falcone\src\app\components\header\header.component.ts
FN:12,HeaderComponent
FN:14,(anonymous_4)
FN:16,(anonymous_5)
FNF:3
FNH:1
FNDA:1,HeaderComponent
FNDA:0,(anonymous_4)
FNDA:0,(anonymous_5)
DA:1,1
DA:2,1
DA:3,1
DA:11,1
DA:12,1
DA:14,1
DA:16,1
DA:17,0
DA:18,0
DA:20,1
LF:10
LH:8
BRDA:12,0,0,1
BRDA:12,0,1,0
BRDA:12,1,0,1
BRDA:12,2,0,1
BRDA:12,2,1,0
BRDA:12,3,0,1
BRDA:12,3,1,1
BRF:7
BRH:5
end_of_record
TN:
SF:C:\Users\darpan.pathak\Desktop\darpan\finding-falcone\src\app\components\root\root.component.html
FNF:0
FNH:0
DA:1,1
LF:1
LH:1
BRF:0
BRH:0
end_of_record
TN:
SF:C:\Users\darpan.pathak\Desktop\darpan\finding-falcone\src\app\components\root\root.component.ts
FN:11,RootComponent
FN:15,(anonymous_4)
FNF:2
FNH:1
FNDA:1,RootComponent
FNDA:0,(anonymous_4)
DA:1,1
DA:9,1
DA:15,1
DA:18,1
LF:4
LH:4
BRF:0
BRH:0
end_of_record
TN:
SF:C:\Users\darpan.pathak\Desktop\darpan\finding-falcone\src\app\services\app.service.ts
FN:34,AppService
FN:50,(anonymous_4)
FN:54,(anonymous_5)
FN:58,(anonymous_6)
FN:64,(anonymous_7)
FN:67,(anonymous_8)
FN:72,(anonymous_9)
FN:78,(anonymous_10)
FN:81,(anonymous_12)
FN:89,(anonymous_13)
FN:96,(anonymous_14)
FN:105,(anonymous_15)
FN:110,(anonymous_16)
FN:118,(anonymous_17)
FN:123,(anonymous_18)
FN:131,(anonymous_19)
FN:132,(anonymous_20)
FN:135,(anonymous_21)
FN:136,(anonymous_22)
FN:139,(anonymous_23)
FN:149,(anonymous_24)
FN:162,(anonymous_25)
FN:164,(anonymous_26)
FN:167,(anonymous_27)
FNF:24
FNH:1
FNDA:1,AppService
FNDA:0,(anonymous_4)
FNDA:0,(anonymous_5)
FNDA:0,(anonymous_6)
FNDA:0,(anonymous_7)
FNDA:0,(anonymous_8)
FNDA:0,(anonymous_9)
FNDA:0,(anonymous_10)
FNDA:0,(anonymous_12)
FNDA:0,(anonymous_13)
FNDA:0,(anonymous_14)
FNDA:0,(anonymous_15)
FNDA:0,(anonymous_16)
FNDA:0,(anonymous_17)
FNDA:0,(anonymous_18)
FNDA:0,(anonymous_19)
FNDA:0,(anonymous_20)
FNDA:0,(anonymous_21)
FNDA:0,(anonymous_22)
FNDA:0,(anonymous_23)
FNDA:0,(anonymous_24)
FNDA:0,(anonymous_25)
FNDA:0,(anonymous_26)
FNDA:0,(anonymous_27)
DA:1,1
DA:2,1
DA:3,1
DA:6,1
DA:7,1
DA:12,1
DA:14,1
DA:15,1
DA:26,1
DA:30,1
DA:34,1
DA:35,1
DA:36,1
DA:38,1
DA:39,1
DA:41,1
DA:42,1
DA:44,1
DA:45,1
DA:47,1
DA:50,1
DA:51,0
DA:54,1
DA:55,0
DA:58,1
DA:59,0
DA:60,0
DA:61,0
DA:64,1
DA:65,0
DA:66,0
DA:67,0
DA:68,0
DA:72,1
DA:73,0
DA:74,0
DA:75,0
DA:78,1
DA:79,0
DA:80,0
DA:81,0
DA:83,0
DA:86,0
DA:89,1
DA:92,0
DA:96,0
DA:97,0
DA:98,0
DA:101,0
DA:102,0
DA:105,1
DA:107,0
DA:110,0
DA:111,0
DA:112,0
DA:115,0
DA:118,1
DA:120,0
DA:123,0
DA:124,0
DA:125,0
DA:128,0
DA:131,1
DA:132,0
DA:135,1
DA:136,0
DA:139,1
DA:146,0
DA:149,1
DA:150,0
DA:151,0
DA:152,0
DA:153,0
DA:155,0
DA:156,0
DA:157,0
DA:159,0
DA:162,1
DA:163,0
DA:164,0
DA:167,1
DA:168,0
DA:171,1
LF:83
LH:36
BRDA:91,0,0,0
BRDA:91,0,1,0
BRDA:97,1,0,0
BRDA:97,1,1,0
BRDA:111,2,0,0
BRDA:111,2,1,0
BRDA:124,3,0,0
BRDA:124,3,1,0
BRDA:132,4,0,0
BRDA:132,4,1,0
BRDA:34,5,0,1
BRDA:34,5,1,0
BRDA:34,6,0,1
BRF:13
BRH:2
end_of_record
TN:
SF:C:\Users\darpan.pathak\Desktop\darpan\finding-falcone\src\app\services\authguard.service.ts
FN:7,AuthGuard
FN:10,(anonymous_4)
FNF:2
FNH:0
FNDA:0,AuthGuard
FNDA:0,(anonymous_4)
DA:1,1
DA:2,1
DA:3,1
DA:6,1
DA:7,0
DA:8,0
DA:10,1
DA:12,0
DA:15,0
DA:16,0
DA:18,1
LF:11
LH:6
BRDA:7,0,0,1
BRDA:7,0,1,0
BRDA:7,1,0,1
BRDA:8,2,0,1
BRDA:8,2,1,0
BRDA:7,3,0,1
BRDA:7,3,1,1
BRF:7
BRH:5
end_of_record
TN:
SF:C:\Users\darpan.pathak\Desktop\darpan\finding-falcone\src\environments\environment.dev.ts
FNF:0
FNH:0
DA:3,1
LF:1
LH:1
BRF:0
BRH:0
end_of_record
TN:
SF:C:\Users\darpan.pathak\Desktop\darpan\finding-falcone\src\environments\environment.ts
FNF:0
FNH:0
DA:1,1
LF:1
LH:1
BRF:0
BRH:0
end_of_record
